<?xml version="1.0" encoding="UTF-8"?>
<testsuites name="jest tests" tests="4" failures="0" time="6.314">
  <testsuite name="__tests__\index.test.js" errors="0" failures="0" skipped="0" timestamp="2020-09-02T20:01:01" time="2.897" tests="4">
    <testcase classname=" api structure" name=" api structure" time="0.022">
    </testcase>
    <testcase classname=" ajax structure" name=" ajax structure" time="0.003">
    </testcase>
    <testcase classname=" webstore structure" name=" webstore structure" time="0.001">
    </testcase>
    <testcase classname=" static methods" name=" static methods" time="0.001">
    </testcase>
  </testsuite>
</testsuites>